Collecting fastapi
  Using cached fastapi-0.128.8-py3-none-any.whl (103 kB)
Collecting uvicorn
  Using cached uvicorn-0.39.0-py3-none-any.whl (68 kB)
Collecting python-multipart
  Using cached python_multipart-0.0.20-py3-none-any.whl (24 kB)
Collecting tensorflow
  Downloading tensorflow-2.20.0-cp39-cp39-macosx_12_0_arm64.whl (200.4 MB)
Collecting opencv-python-headless
  Downloading opencv_python_headless-4.13.0.92-cp37-abi3-macosx_13_0_arm64.whl (46.2 MB)
Collecting numpy
  Downloading numpy-2.0.2-cp39-cp39-macosx_14_0_arm64.whl (5.3 MB)
Collecting pydantic
  Downloading pydantic-2.12.5-py3-none-any.whl (463 kB)
Collecting typing-extensions>=4.8.0
  Downloading typing_extensions-4.15.0-py3-none-any.whl (44 kB)
Collecting starlette<1.0.0,>=0.40.0
  Downloading starlette-0.49.3-py3-none-any.whl (74 kB)
Collecting annotated-doc>=0.0.2
  Downloading annotated_doc-0.0.4-py3-none-any.whl (5.3 kB)
Collecting typing-inspection>=0.4.2
  Downloading typing_inspection-0.4.2-py3-none-any.whl (14 kB)
Collecting click>=7.0
  Downloading click-8.1.8-py3-none-any.whl (98 kB)
Collecting h11>=0.8
  Downloading h11-0.16.0-py3-none-any.whl (37 kB)
Collecting keras>=3.10.0
  Downloading keras-3.10.0-py3-none-any.whl (1.4 MB)
Collecting packaging
  Downloading packaging-26.0-py3-none-any.whl (74 kB)
Collecting requests<3,>=2.21.0
  Downloading requests-2.32.5-py3-none-any.whl (64 kB)
Collecting opt_einsum>=2.3.2
  Downloading opt_einsum-3.4.0-py3-none-any.whl (71 kB)
Collecting protobuf>=5.28.0
  Downloading protobuf-6.33.6-cp39-abi3-macosx_10_9_universal2.whl (427 kB)
Collecting grpcio<2.0,>=1.24.3
  Downloading grpcio-1.80.0-cp39-cp39-macosx_11_0_universal2.whl (12.0 MB)
Collecting astunparse>=1.6.0
  Downloading astunparse-1.6.3-py2.py3-none-any.whl (12 kB)
Collecting tensorboard~=2.20.0
  Downloading tensorboard-2.20.0-py3-none-any.whl (5.5 MB)
Collecting wrapt>=1.11.0
  Downloading wrapt-2.1.2-cp39-cp39-macosx_11_0_arm64.whl (61 kB)
Collecting libclang>=13.0.0
  Downloading libclang-18.1.1-1-py2.py3-none-macosx_11_0_arm64.whl (25.8 MB)
Collecting six>=1.12.0
  Downloading six-1.17.0-py2.py3-none-any.whl (11 kB)
Collecting h5py>=3.11.0
  Downloading h5py-3.14.0-cp39-cp39-macosx_11_0_arm64.whl (2.8 MB)
Collecting flatbuffers>=24.3.25
  Downloading flatbuffers-25.12.19-py2.py3-none-any.whl (26 kB)
Collecting termcolor>=1.1.0
  Downloading termcolor-3.1.0-py3-none-any.whl (7.7 kB)
Requirement already satisfied: setuptools in ./venv/lib/python3.9/site-packages (from tensorflow) (58.0.4)
Collecting gast!=0.5.0,!=0.5.1,!=0.5.2,>=0.2.1
  Downloading gast-0.7.0-py3-none-any.whl (22 kB)
Collecting ml_dtypes<1.0.0,>=0.5.1
  Downloading ml_dtypes-0.5.4-cp39-cp39-macosx_10_9_universal2.whl (676 kB)
Collecting absl-py>=1.0.0
  Downloading absl_py-2.3.1-py3-none-any.whl (135 kB)
Collecting google_pasta>=0.1.1
  Downloading google_pasta-0.2.0-py3-none-any.whl (57 kB)
Collecting pydantic-core==2.41.5
  Downloading pydantic_core-2.41.5-cp39-cp39-macosx_11_0_arm64.whl (1.9 MB)
Collecting annotated-types>=0.6.0
  Downloading annotated_types-0.7.0-py3-none-any.whl (13 kB)
Collecting wheel<1.0,>=0.23.0
  Downloading wheel-0.46.3-py3-none-any.whl (30 kB)
Collecting optree
  Downloading optree-0.19.0-cp39-cp39-macosx_11_0_arm64.whl (364 kB)
Collecting namex
  Downloading namex-0.1.0-py3-none-any.whl (5.9 kB)
Collecting rich
  Downloading rich-14.3.3-py3-none-any.whl (310 kB)
Collecting urllib3<3,>=1.21.1
  Downloading urllib3-2.6.3-py3-none-any.whl (131 kB)
Collecting certifi>=2017.4.17
  Downloading certifi-2026.2.25-py3-none-any.whl (153 kB)
Collecting charset_normalizer<4,>=2
  Downloading charset_normalizer-3.4.7-cp39-cp39-macosx_10_9_universal2.whl (299 kB)
Collecting idna<4,>=2.5
  Downloading idna-3.11-py3-none-any.whl (71 kB)
Collecting anyio<5,>=3.6.2
  Downloading anyio-4.12.1-py3-none-any.whl (113 kB)
Collecting exceptiongroup>=1.0.2
  Downloading exceptiongroup-1.3.1-py3-none-any.whl (16 kB)
Collecting markdown>=2.6.8
  Downloading markdown-3.9-py3-none-any.whl (107 kB)
Collecting werkzeug>=1.0.1
  Downloading werkzeug-3.1.8-py3-none-any.whl (226 kB)
Collecting pillow
  Downloading pillow-11.3.0-cp39-cp39-macosx_11_0_arm64.whl (4.7 MB)
Collecting tensorboard-data-server<0.8.0,>=0.7.0
  Downloading tensorboard_data_server-0.7.2-py3-none-any.whl (2.4 kB)
Collecting importlib-metadata>=4.4
  Downloading importlib_metadata-8.7.1-py3-none-any.whl (27 kB)
Collecting zipp>=3.20
  Downloading zipp-3.23.0-py3-none-any.whl (10 kB)
Collecting markupsafe>=2.1.1
  Downloading markupsafe-3.0.3-cp39-cp39-macosx_11_0_arm64.whl (12 kB)
Collecting pygments<3.0.0,>=2.13.0
  Downloading pygments-2.20.0-py3-none-any.whl (1.2 MB)
Collecting markdown-it-py>=2.2.0
  Downloading markdown_it_py-3.0.0-py3-none-any.whl (87 kB)
Collecting mdurl~=0.1
  Downloading mdurl-0.1.2-py3-none-any.whl (10.0 kB)
Installing collected packages: zipp, typing-extensions, mdurl, pygments, packaging, numpy, markupsafe, markdown-it-py, importlib-metadata, idna, exceptiongroup, wheel, werkzeug, urllib3, typing-inspection, tensorboard-data-server, six, rich, pydantic-core, protobuf, pillow, optree, namex, ml-dtypes, markdown, h5py, grpcio, charset-normalizer, certifi, anyio, annotated-types, absl-py, wrapt, termcolor, tensorboard, starlette, requests, pydantic, opt-einsum, libclang, keras, h11, google-pasta, gast, flatbuffers, click, astunparse, annotated-doc, uvicorn, tensorflow, python-multipart, opencv-python-headless, fastapi
Successfully installed absl-py-2.3.1 annotated-doc-0.0.4 annotated-types-0.7.0 anyio-4.12.1 astunparse-1.6.3 certifi-2026.2.25 charset-normalizer-3.4.7 click-8.1.8 exceptiongroup-1.3.1 fastapi-0.128.8 flatbuffers-25.12.19 gast-0.7.0 google-pasta-0.2.0 grpcio-1.80.0 h11-0.16.0 h5py-3.14.0 idna-3.11 importlib-metadata-8.7.1 keras-3.10.0 libclang-18.1.1 markdown-3.9 markdown-it-py-3.0.0 markupsafe-3.0.3 mdurl-0.1.2 ml-dtypes-0.5.4 namex-0.1.0 numpy-2.0.2 opencv-python-headless-4.13.0.92 opt-einsum-3.4.0 optree-0.19.0 packaging-26.0 pillow-11.3.0 protobuf-6.33.6 pydantic-2.12.5 pydantic-core-2.41.5 pygments-2.20.0 python-multipart-0.0.20 requests-2.32.5 rich-14.3.3 six-1.17.0 starlette-0.49.3 tensorboard-2.20.0 tensorboard-data-server-0.7.2 tensorflow-2.20.0 termcolor-3.1.0 typing-extensions-4.15.0 typing-inspection-0.4.2 urllib3-2.6.3 uvicorn-0.39.0 werkzeug-3.1.8 wheel-0.46.3 wrapt-2.1.2 zipp-3.23.0
WARNING: You are using pip version 21.2.4; however, version 26.0.1 is available.
You should consider upgrading via the '/Users/ketanramanghungralekar/Spatial_Comp_Project/Wildfire_Prediction/Wildfire-Prediction-from-Satellite-Imagery/backend/venv/bin/python3 -m pip install --upgrade pip' command.
